✔ [7884/7890] Built FormalConjecturesForMathlib.Algebra.GCDMonoid.Finset (7.0s)
✔ [7885/7892] Built FormalConjecturesForMathlib.Algebra.Group.Action.Pointwise.Set.Basic (8.2s)
✔ [7886/7892] Built FormalConjecturesForMathlib.Order.Filter.atTopBot.Finset (8.1s)
✔ [7887/7892] Built FormalConjecturesForMathlib.Algebra.Group.Indicator (2.2s)
✔ [7888/7893] Built FormalConjecturesForMathlib.Algebra.Polynomial.Algebra (9.8s)
✔ [7889/7893] Built FormalConjecturesForMathlib.Algebra.Polynomial.Basic (3.6s)
✔ [7890/7895] Built FormalConjecturesForMathlib.Algebra.Order.Group.Pointwise.Interval (18s)
✔ [7891/7896] Built FormalConjecturesForMathlib.Algebra.Polynomial.HasseDeriv (4.1s)
✔ [7892/7897] Built FormalConjecturesForMathlib.Algebra.Group.GrowthFunction (21s)
✔ [7893/7898] Built FormalConjecturesForMathlib.Algebra.Powerfree (6.2s)
✔ [7894/7899] Built FormalConjecturesForMathlib.Algebra.QuadraticAlgebra.Basic (7.6s)
✔ [7895/7900] Built FormalConjecturesForMathlib.Algebra.QuadraticAlgebra.Instances (6.7s)
✔ [7896/7901] Built FormalConjecturesForMathlib.Analysis.Asymptotics.Basic (3.0s)
✔ [7897/7904] Built FormalConjecturesForMathlib.AlgebraicGeometry.ProjectiveSpace (7.7s)
✔ [7898/7904] Built FormalConjecturesForMathlib.AlgebraicGeometry.VectorBundle (5.7s)
✔ [7899/7905] Built FormalConjecturesForMathlib.Analysis.Equidistribution.ModOne (4.6s)
✔ [7900/7906] Built FormalConjecturesForMathlib.Topology.Algebra.InfiniteSum.Group (4.4s)
✔ [7901/7907] Built FormalConjecturesForMathlib.Analysis.Real.Cardinality (3.2s)
✔ [7902/7908] Built FormalConjecturesForMathlib.Topology.Algebra.InfiniteSum.Order (3.6s)
✔ [7903/7908] Built FormalConjecturesForMathlib.Analysis.Fourier.SpectralSets (7.8s)
✔ [7904/7910] Built FormalConjecturesForMathlib.Combinatorics.AP.Basic (4.1s)
✔ [7905/7911] Built FormalConjecturesForMathlib.Analysis.SpecialFunctions.NthRoot (4.8s)
✔ [7906/7912] Built FormalConjecturesForMathlib.Order.Filter.Cofinite (2.7s)
✔ [7907/7913] Built FormalConjecturesForMathlib.Analysis.SpecialFunctions.Log.Basic (8.8s)
✔ [7908/7913] Built FormalConjecturesForMathlib.Analysis.HasGaps (4.8s)
✔ [7909/7914] Built FormalConjecturesForMathlib.Combinatorics.Additive.Convolution (2.6s)
✔ [7910/7914] Built FormalConjecturesForMathlib.Combinatorics.Additive.DifferenceBasis (1.9s)
✔ [7911/7917] Built FormalConjecturesForMathlib.Combinatorics.Additive.Basis (4.7s)
✔ [7912/7918] Built FormalConjecturesForMathlib.Combinatorics.Additive.RestrictedSumset (1.9s)
✔ [7913/7919] Built FormalConjecturesForMathlib.Combinatorics.SetFamily.VCDim (2.2s)
✔ [7914/7919] Built FormalConjecturesForMathlib.Combinatorics.Hypergraph.ThreeUniform (3.6s)
✔ [7915/7920] Built FormalConjecturesForMathlib.Combinatorics.Additive.VCDim (5.7s)
✔ [7916/7921] Built FormalConjecturesForMathlib.Combinatorics.Basic (13s)
✔ [7917/7923] Built FormalConjecturesForMathlib.Combinatorics.LatinSquare (4.5s)
✔ [7918/7924] Built FormalConjecturesForMathlib.Combinatorics.Ramsey (4.7s)
✔ [7919/7924] Built FormalConjecturesForMathlib.Combinatorics.SetFamily.Sunflower (5.0s)
✔ [7920/7925] Built FormalConjecturesForMathlib.Combinatorics.SetTheory.PartitionRelation (3.5s)
✔ [7921/7926] Built FormalConjecturesForMathlib.Combinatorics.Ramsey.Diagonal (4.1s)
✔ [7922/7927] Built FormalConjecturesForMathlib.Combinatorics.SimpleGraph.Balanced (3.4s)
✔ [7923/7929] Built FormalConjecturesForMathlib.Combinatorics.SimpleGraph.Circumference (3.6s)
✔ [7924/7930] Built FormalConjecturesForMathlib.Combinatorics.SimpleGraph.Clique (5.9s)
✔ [7925/7930] Built FormalConjecturesForMathlib.Combinatorics.SimpleGraph.CompleteGraphEdgeCount (4.7s)
✔ [7926/7930] Built FormalConjecturesForMathlib.Combinatorics.SimpleGraph.CycleRank (3.2s)
✔ [7927/7933] Built FormalConjecturesForMathlib.Combinatorics.SimpleGraph.DiamExtra (2.7s)
✔ [7928/7934] Built FormalConjecturesForMathlib.Combinatorics.Additive.Coset (43s)
✔ [7929/7934] Built FormalConjecturesForMathlib.Combinatorics.SimpleGraph.Residue (3.8s)
✔ [7930/7936] Built FormalConjecturesForMathlib.Combinatorics.SimpleGraph.VertexDistance (7.4s)
✔ [7931/7937] Built FormalConjecturesForMathlib.Combinatorics.SimpleGraph.Coloring (9.0s)
✔ [7932/7937] Built FormalConjecturesForMathlib.Combinatorics.SimpleGraph.FractionalAlpha (3.4s)
✔ [7933/7940] Built FormalConjecturesForMathlib.Combinatorics.SimpleGraph.SzegedIndex (4.3s)
✔ [7934/7941] Built FormalConjecturesForMathlib.Analysis.Matrix.Spectrum (5.2s)
✔ [7935/7942] Built FormalConjecturesForMathlib.Combinatorics.SimpleGraph.WienerIndex (4.6s)
✔ [7936/7942] Built FormalConjecturesForMathlib.Combinatorics.SimpleGraph.Degrees (3.7s)
✔ [7937/7943] Built FormalConjecturesForMathlib.Combinatorics.SimpleGraph.Cvetkovic (3.8s)
✔ [7938/7943] Built FormalConjecturesForMathlib.Combinatorics.SimpleGraph.Independence (3.1s)
✔ [7939/7944] Built FormalConjecturesForMathlib.Combinatorics.SimpleGraph.LovaszTheta (5.1s)
✔ [7940/7945] Built FormalConjecturesForMathlib.Combinatorics.SimpleGraph.Temperature (3.5s)
✔ [7941/7946] Built FormalConjecturesForMathlib.Combinatorics.SimpleGraph.AnnihilationNumber (3.5s)
✔ [7942/7947] Built FormalConjecturesForMathlib.Combinatorics.SimpleGraph.Induced (2.7s)
✔ [7943/7948] Built FormalConjecturesForMathlib.Combinatorics.SimpleGraph.Eccentricity (3.8s)
✔ [7944/7949] Built FormalConjecturesForMathlib.Combinatorics.SimpleGraph.PathCover (2.4s)
✔ [7945/7950] Built FormalConjecturesForMathlib.Combinatorics.SimpleGraph.EdgeColouring (2.3s)
✔ [7946/7950] Built FormalConjecturesForMathlib.Combinatorics.SimpleGraph.Domination (2.8s)
✔ [7947/7953] Built FormalConjecturesForMathlib.Combinatorics.SimpleGraph.LargestInducedTree (2.6s)
✔ [7948/7954] Built FormalConjecturesForMathlib.Combinatorics.SimpleGraph.WellTotallyDominated (2.2s)
✔ [7949/7955] Built FormalConjecturesForMathlib.Data.Finset.Card (2.2s)
✔ [7950/7955] Built FormalConjecturesForMathlib.Combinatorics.SimpleGraph.HomDensity (3.5s)
✔ [7951/7956] Built FormalConjecturesForMathlib.Combinatorics.SimpleGraph.Ramsey (3.0s)
✔ [7952/7957] Built FormalConjecturesForMathlib.Combinatorics.SimpleGraph.SizeRamsey (3.5s)
✔ [7953/7958] Built FormalConjecturesForMathlib.Combinatorics.SimpleGraph.Johnson (2.0s)
✔ [7954/7959] Built FormalConjecturesForMathlib.Combinatorics.SimpleGraph.Connectivity (2.5s)
✔ [7955/7961] Built FormalConjecturesForMathlib.Combinatorics.SimpleGraph.Matching (3.1s)
✔ [7956/7961] Built FormalConjecturesForMathlib.Combinatorics.SimpleGraph.SpanningTree (2.8s)
✔ [7957/7961] Built FormalConjecturesForMathlib.Combinatorics.SimpleGraph.UnitDistancePlaneGraph (4.1s)
✔ [7958/7966] Built FormalConjecturesForMathlib.Combinatorics.YoungDiagram (2.6s)
✔ [7959/7966] Built FormalConjecturesForMathlib.Computability.DFA (2.7s)
✔ [7960/7967] Built FormalConjecturesForMathlib.Computability.Encoding (2.7s)
✔ [7961/7969] Built FormalConjecturesForMathlib.Computability.TuringMachine.PostTuringMachine (2.6s)
✔ [7962/7969] Built FormalConjecturesForMathlib.Data.Finset.Powerset (2.5s)
✔ [7963/7969] Built FormalConjecturesForMathlib.Data.Finset.ReciprocalSum (3.0s)
✔ [7964/7970] Built FormalConjecturesForMathlib.Data.Int.IntermediateValue (2.4s)
✔ [7965/7971] Built FormalConjecturesForMathlib.Data.Nat.Factorization.Basic (3.5s)
✔ [7966/7972] Built FormalConjecturesForMathlib.Data.Nat.Init (2.0s)
✔ [7967/7973] Built FormalConjecturesForMathlib.Data.Nat.Full (3.2s)
✔ [7968/7974] Built FormalConjecturesForMathlib.Computability.TuringMachine.BusyBeavers (3.8s)
✔ [7969/7975] Built FormalConjecturesForMathlib.Data.Nat.Prime.Composite (2.2s)
✔ [7970/7975] Built FormalConjecturesForMathlib.Data.Nat.MaxPrimeFac (2.9s)
✔ [7971/7976] Built FormalConjecturesForMathlib.Data.Nat.Prime.Defs (4.2s)
✔ [7972/7977] Built FormalConjecturesForMathlib.Computability.TuringMachine.Notation (4.3s)
✔ [7973/7978] Built FormalConjecturesForMathlib.Data.Nat.PerfectPower (8.0s)
✔ [7974/7978] Built FormalConjecturesForMathlib.Data.Nat.Prime.Finset (4.1s)
✔ [7975/7979] Built FormalConjecturesForMathlib.Data.Real.Constants (3.8s)
✔ [7976/7982] Built FormalConjecturesForMathlib.Data.Real.NearestInt (2.6s)
✔ [7977/7983] Built FormalConjecturesForMathlib.Data.Nat.Squarefree (6.7s)
✔ [7978/7984] Built FormalConjecturesForMathlib.Data.Set.Interval (2.6s)
✔ [7979/7985] Built FormalConjecturesForMathlib.Order.Interval.Finset.Basic (2.6s)
✔ [7980/7986] Built FormalConjecturesForMathlib.Order.Interval.Finset.Nat (2.3s)
✔ [7981/7987] Built FormalConjecturesForMathlib.Data.Set.Triplewise (2.4s)
✔ [7982/7987] Built FormalConjecturesForMathlib.Data.ZMod.PerfectDifferenceSet (2.0s)
✔ [7983/7988] Built FormalConjecturesForMathlib.Data.ZMod.Fp (2.4s)
✔ [7984/7988] Built FormalConjecturesForMathlib.FieldTheory.MvRatFunc.Defs (3.4s)
✔ [7985/7991] Built FormalConjecturesForMathlib.Geometry.Euclidean (4.0s)
✔ [7986/7992] Built FormalConjecturesForMathlib.Geometry.Metric (2.3s)
✔ [7987/7994] Built FormalConjecturesForMathlib.Data.Set.Density (6.4s)
✔ [7988/7994] Built FormalConjecturesForMathlib.Logic.Equiv.Fin.Rotate (2.3s)
✔ [7989/7996] Built FormalConjecturesForMathlib.LinearAlgebra.AffineSpace.Simplex.Basic (2.5s)
✔ [7990/7996] Built FormalConjecturesForMathlib.Geometry.«3d» (3.0s)
✔ [7991/7997] Built FormalConjecturesForMathlib.LinearAlgebra.GeneralLinearGroup (3.1s)
✔ [7992/7998] Built FormalConjecturesForMathlib.NumberTheory.AdditivelyComplete (2.7s)
✔ [7993/7998] Built FormalConjecturesForMathlib.NumberTheory.Amicable (2.9s)
✔ [7994/7999] Built FormalConjecturesForMathlib.NumberTheory.BeurlingPrimes (4.5s)
✔ [7995/8000] Built FormalConjecturesForMathlib.LinearAlgebra.SpecialLinearGroup (5.8s)
✔ [7996/8001] Built FormalConjecturesForMathlib.Geometry.«2d» (9.9s)
✔ [7997/8002] Built FormalConjecturesForMathlib.NumberTheory.CoveringSystem (3.4s)
✔ [7998/8003] Built FormalConjecturesForMathlib.NumberTheory.DirichletCharacter.Basic (3.3s)
✔ [7999/8004] Built FormalConjecturesForMathlib.NumberTheory.Divisors (4.2s)
✔ [8000/8005] Built FormalConjecturesForMathlib.NumberTheory.Lacunary (6.6s)
✔ [8001/8006] Built FormalConjecturesForMathlib.NumberTheory.LegendreSymbol.Basic (7.3s)
✔ [8002/8007] Built FormalConjecturesForMathlib.NumberTheory.NormalNumber (5.2s)
✔ [8003/8008] Built FormalConjecturesForMathlib.NumberTheory.NumberField.Quadratic (5.6s)
✔ [8004/8009] Built FormalConjecturesForMathlib.NumberTheory.PisotNumber (6.5s)
✔ [8005/8010] Built FormalConjecturesForMathlib.NumberTheory.Carmichael (24s)
✔ [8006/8011] Built FormalConjecturesForMathlib.NumberTheory.PracticalNumbers (3.6s)
✔ [8007/8012] Built FormalConjecturesForMathlib.NumberTheory.PrimeGap (3.0s)
✔ [8008/8013] Built FormalConjecturesForMathlib.NumberTheory.Primitive (3.2s)
✔ [8009/8014] Built FormalConjecturesForMathlib.NumberTheory.SierpinskiNumber (2.2s)
✔ [8010/8015] Built FormalConjecturesForMathlib.Probability.FiniteMethod (3.0s)
✔ [8011/8016] Built FormalConjecturesForMathlib.SetTheory.Cardinal.Arithmetic (3.3s)
✔ [8012/8017] Built FormalConjecturesForMathlib.NumberTheory.WallSunSunPrimes (5.5s)
✔ [8013/8018] Built FormalConjecturesForMathlib.SetTheory.Cardinal.Continuum (3.1s)
✔ [8014/8019] Built FormalConjecturesForMathlib.SetTheory.Cardinal.SimpleGraph (3.1s)
✔ [8015/8020] Built FormalConjecturesForMathlib.Topology.AbsoluteNeighborhoodRetract (2.9s)
✔ [8016/8022] Built FormalConjecturesForMathlib.Topology.Discrete (2.4s)
✔ [8017/8022] Built FormalConjecturesForMathlib.Topology.GDelta (2.0s)
✔ [8018/8024] Built FormalConjecturesForMathlib.Topology.LebesgueCoveringDimension (2.1s)
✔ [8019/8024] Built FormalConjectures.Util.Answer.Syntax (349ms)
✔ [8020/8028] Built FormalConjecturesForMathlib.Topology.MetricSpace.MetricSeparated (2.5s)
✔ [8021/8031] Built FormalConjectures.Util.Answer (957ms)
✔ [8022/8031] Built FormalConjecturesForMathlib.Topology.Homogeneous (2.1s)
✔ [8023/8035] Built FormalConjectures.Util.Linters.CopyrightLinter (790ms)
✔ [8024/8038] Built FormalConjecturesForMathlib.Lean.Elab.InfoTree.Util (458ms)
✔ [8025/8038] Built FormalConjectures.Util.Attributes.AMS (1.8s)
✔ [8026/8038] Built FormalConjecturesForMathlib.Tactic.Linter.Term (880ms)
✔ [8027/8038] Built FormalConjectures.Util.Linters.ModuleDocstringLinter (1.4s)
✔ [8028/8038] Built FormalConjectures.Util.Linters.NamespaceLinter (912ms)
✔ [8029/8039] Built FormalConjectures.Util.Linters.ExistsImplicationLinter (689ms)
✔ [8030/8042] Built FormalConjectures.Util.Attributes.Basic (4.0s)
✔ [8031/8042] Built FormalConjectures.Util.Linters.CategoryLinter (3.7s)
✔ [8032/8042] Built FormalConjectures.Util.Linters.CategoryDocstringLinter (3.2s)
✔ [8033/8042] Built FormalConjectures.Util.Linters.AnswerLinter (2.5s)
✔ [8034/8044] Built FormalConjecturesForMathlib.MeasureTheory.Measure.CharacteristicFunction.TaylorExpansion (14s)
✔ [8035/8044] Built FormalConjecturesForMathlib (19s)
✔ [8036/8046] Built FormalConjectures.Util.Linters.AMSLinter (3.7s)
✔ [8037/8046] Built FormalConjecturesForMathlib.Order.Filter.ENNReal (4.5s)
✖ [8038/8046] Building FormalConjecturesForMathlib.Probability.Distributions.Binomial (4.8s)
trace: .> LEAN_PATH=/Users/runner/work/formal-conjectures/formal-conjectures/.lake/packages/Cli/.lake/build/lib/lean:/Users/runner/work/formal-conjectures/formal-conjectures/.lake/packages/batteries/.lake/build/lib/lean:/Users/runner/work/formal-conjectures/formal-conjectures/.lake/packages/Qq/.lake/build/lib/lean:/Users/runner/work/formal-conjectures/formal-conjectures/.lake/packages/aesop/.lake/build/lib/lean:/Users/runner/work/formal-conjectures/formal-conjectures/.lake/packages/proofwidgets/.lake/build/lib/lean:/Users/runner/work/formal-conjectures/formal-conjectures/.lake/packages/importGraph/.lake/build/lib/lean:/Users/runner/work/formal-conjectures/formal-conjectures/.lake/packages/LeanSearchClient/.lake/build/lib/lean:/Users/runner/work/formal-conjectures/formal-conjectures/.lake/packages/plausible/.lake/build/lib/lean:/Users/runner/work/formal-conjectures/formal-conjectures/.lake/packages/mathlib/.lake/build/lib/lean:/Users/runner/work/formal-conjectures/formal-conjectures/.lake/build/lib/lean /Users/runner/.elan/toolchains/leanprover--lean4---v4.27.0/bin/lean /Users/runner/work/formal-conjectures/formal-conjectures/FormalConjecturesForMathlib/Probability/Distributions/Binomial.lean -o /Users/runner/work/formal-conjectures/formal-conjectures/.lake/build/lib/lean/FormalConjecturesForMathlib/Probability/Distributions/Binomial.olean -i /Users/runner/work/formal-conjectures/formal-conjectures/.lake/build/lib/lean/FormalConjecturesForMathlib/Probability/Distributions/Binomial.ilean -c /Users/runner/work/formal-conjectures/formal-conjectures/.lake/build/ir/FormalConjecturesForMathlib/Probability/Distributions/Binomial.c --setup /Users/runner/work/formal-conjectures/formal-conjectures/.lake/build/ir/FormalConjecturesForMathlib/Probability/Distributions/Binomial.setup.json --json
error: FormalConjecturesForMathlib/Probability/Distributions/Binomial.lean:79:4: omega could not prove the goal:
a possible counterexample may satisfy the constraints
  c ≥ 0
  b ≥ 0
  b - c ≥ 0
  a ≥ 0
  a - b + c ≤ -1
where
 a := ↑(n + 1 - ↑k + n) % ↑(n + 1)
 b := ↑n
 c := ↑↑k
error: FormalConjecturesForMathlib/Probability/Distributions/Binomial.lean:116:6: Tactic `rewrite` failed: Did not find an occurrence of the pattern
  cexp (↑t * ↑k * «I»)
in the target expression
  ↑(↑p ^ ↑⟨k, ⋯⟩ * (1 - ↑p) ^ ↑(Fin.last n - ⟨k, ⋯⟩) * ↑(n.choose ↑⟨k, ⋯⟩)) * cexp (↑t * ↑↑k * «I») =
    (↑↑p * cexp (↑t * «I»)) ^ k * ↑(1 - ↑p) ^ (n - k) * ↑(n.choose k)

n : ℕ
p : ↑I
t : ℝ
k : ℕ
hk : k ∈ Finset.range (n + 1)
hexp : cexp (↑t * ↑k * «I») = cexp (↑t * «I») ^ k
⊢ ↑(↑p ^ ↑⟨k, ⋯⟩ * (1 - ↑p) ^ ↑(Fin.last n - ⟨k, ⋯⟩) * ↑(n.choose ↑⟨k, ⋯⟩)) * cexp (↑t * ↑↑k * «I») =
    (↑↑p * cexp (↑t * «I»)) ^ k * ↑(1 - ↑p) ^ (n - k) * ↑(n.choose k)
error: Lean exited with code 1
✔ [8039/8046] Built FormalConjecturesForMathlib.Probability.CDFConvergence (4.7s)
✖ [8040/8050] Building FormalConjecturesForMathlib.Probability.Distributions.PoweredGaussian (7.1s)
trace: .> LEAN_PATH=/Users/runner/work/formal-conjectures/formal-conjectures/.lake/packages/Cli/.lake/build/lib/lean:/Users/runner/work/formal-conjectures/formal-conjectures/.lake/packages/batteries/.lake/build/lib/lean:/Users/runner/work/formal-conjectures/formal-conjectures/.lake/packages/Qq/.lake/build/lib/lean:/Users/runner/work/formal-conjectures/formal-conjectures/.lake/packages/aesop/.lake/build/lib/lean:/Users/runner/work/formal-conjectures/formal-conjectures/.lake/packages/proofwidgets/.lake/build/lib/lean:/Users/runner/work/formal-conjectures/formal-conjectures/.lake/packages/importGraph/.lake/build/lib/lean:/Users/runner/work/formal-conjectures/formal-conjectures/.lake/packages/LeanSearchClient/.lake/build/lib/lean:/Users/runner/work/formal-conjectures/formal-conjectures/.lake/packages/plausible/.lake/build/lib/lean:/Users/runner/work/formal-conjectures/formal-conjectures/.lake/packages/mathlib/.lake/build/lib/lean:/Users/runner/work/formal-conjectures/formal-conjectures/.lake/build/lib/lean /Users/runner/.elan/toolchains/leanprover--lean4---v4.27.0/bin/lean /Users/runner/work/formal-conjectures/formal-conjectures/FormalConjecturesForMathlib/Probability/Distributions/PoweredGaussian.lean -o /Users/runner/work/formal-conjectures/formal-conjectures/.lake/build/lib/lean/FormalConjecturesForMathlib/Probability/Distributions/PoweredGaussian.olean -i /Users/runner/work/formal-conjectures/formal-conjectures/.lake/build/lib/lean/FormalConjecturesForMathlib/Probability/Distributions/PoweredGaussian.ilean -c /Users/runner/work/formal-conjectures/formal-conjectures/.lake/build/ir/FormalConjecturesForMathlib/Probability/Distributions/PoweredGaussian.c --setup /Users/runner/work/formal-conjectures/formal-conjectures/.lake/build/ir/FormalConjecturesForMathlib/Probability/Distributions/PoweredGaussian.setup.json --json
warning: FormalConjecturesForMathlib/Probability/Distributions/PoweredGaussian.lean:62:65: Used `tac1 <;> tac2` where `(tac1; tac2)` would suffice

Note: This linter can be disabled with `set_option linter.unnecessarySeqFocus false`
warning: FormalConjecturesForMathlib/Probability/Distributions/PoweredGaussian.lean:64:56: Used `tac1 <;> tac2` where `(tac1; tac2)` would suffice

Note: This linter can be disabled with `set_option linter.unnecessarySeqFocus false`
warning: FormalConjecturesForMathlib/Probability/Distributions/PoweredGaussian.lean:65:44: Used `tac1 <;> tac2` where `(tac1; tac2)` would suffice

Note: This linter can be disabled with `set_option linter.unnecessarySeqFocus false`
warning: FormalConjecturesForMathlib/Probability/Distributions/PoweredGaussian.lean:71:65: Used `tac1 <;> tac2` where `(tac1; tac2)` would suffice

Note: This linter can be disabled with `set_option linter.unnecessarySeqFocus false`
warning: FormalConjecturesForMathlib/Probability/Distributions/PoweredGaussian.lean:73:50: Used `tac1 <;> tac2` where `(tac1; tac2)` would suffice

Note: This linter can be disabled with `set_option linter.unnecessarySeqFocus false`
warning: FormalConjecturesForMathlib/Probability/Distributions/PoweredGaussian.lean:74:44: Used `tac1 <;> tac2` where `(tac1; tac2)` would suffice

Note: This linter can be disabled with `set_option linter.unnecessarySeqFocus false`
error: FormalConjecturesForMathlib/Probability/Distributions/PoweredGaussian.lean:115:53: unsolved goals
case e_μ.h
t : ℝ
μ : Measure ℝ := gaussianReal 0 1
hmap : Measure.map (fun z ↦ -z) μ = μ
z : Set ℝ
a✝ : MeasurableSet z
⊢ μ z = (Measure.map (fun z ↦ -z) μ) z

case e_s
t : ℝ
μ : Measure ℝ := gaussianReal 0 1
hmap : Measure.map (fun z ↦ -z) μ = μ
⊢ Neg.neg ⁻¹' Iic (-t) = Ici t
error: Lean exited with code 1
✔ [8041/8050] Built FormalConjectures.Util.ProblemImports (15s)
⚠ [8043/8070] Built FormalConjecturesForMathlib.Probability.Distributions.Bernoulli (7.3s)
warning: FormalConjecturesForMathlib/Probability/Distributions/Bernoulli.lean:53:49: This simp argument is unused:
  ← ENNReal.coe_add

Hint: Omit it from the simp argument list.
  simp [bernoulliMeasure_def,̵ ̵←̵ ̵E̵N̵N̵R̵e̵a̵l̵.̵c̵o̵e̵_̵a̵d̵d̵]

Note: Simp arguments with `←` have the additional effect of removing the other direction from the simp set, even if the simp argument itself is unused. If the hint above does not work, try replacing `←` with `-` to only get that effect and silence this warning.

Note: This linter can be disabled with `set_option linter.unusedSimpArgs false`
warning: FormalConjecturesForMathlib/Probability/Distributions/Bernoulli.lean:113:13: unused variable `hp0`

Note: This linter can be disabled with `set_option linter.unusedVariables false`
warning: FormalConjecturesForMathlib/Probability/Distributions/Bernoulli.lean:113:33: unused variable `hp1`

Note: This linter can be disabled with `set_option linter.unusedVariables false`
warning: FormalConjecturesForMathlib/Probability/Distributions/Bernoulli.lean:120:67: This simp argument is unused:
  sub_zero

Hint: Omit it from the simp argument list.
  simp only [RCLike.real_smul_eq_coe_mul, standardizedBernoulli, s̵u̵b̵_̵zero,̵ ̵z̵e̵r̵o̵_sub]

Note: This linter can be disabled with `set_option linter.unusedSimpArgs false`
warning: FormalConjecturesForMathlib/Probability/Distributions/Bernoulli.lean:122:16: 'ring' tactic does nothing

Note: This linter can be disabled with `set_option linter.unusedTactic false`
warning: FormalConjecturesForMathlib/Probability/Distributions/Bernoulli.lean:122:16: this tactic is never executed

Note: This linter can be disabled with `set_option linter.unreachableTactic false`
✔ [8044/8070] Built FormalConjecturesForMathlib.MeasureTheory.Measure.LevyConvergence (14s)
✔ [8045/8070] Built FormalConjecturesForMathlib.Probability.CentralLimitTheorem (7.5s)
✔ [8054/8070] Built FormalConjectures.Paper.VoronovskajaDefinitions (12s)
Some required targets logged failures:
- FormalConjecturesForMathlib.Probability.Distributions.Binomial
- FormalConjecturesForMathlib.Probability.Distributions.PoweredGaussian
error: build failed
