{
  "all": 40,
  "by_family": {
    "high_delta_closure": 11,
    "high_delta_leaf_obstruction": 1,
    "impossible_connected": 1,
    "low_seed_completion": 6,
    "low_two_stage_completion": 1,
    "parametric_two_block_closure": 15,
    "regular_boundary": 5
  },
  "by_order": {
    "4": 1,
    "5": 1,
    "6": 3,
    "7": 2,
    "8": 6,
    "9": 3,
    "10": 11,
    "11": 3,
    "12": 8,
    "13": 1,
    "14": 1
  },
  "minimum_degree_at_most_3": 22
}
wrote /Users/runner/work/formal-conjectures/formal-conjectures/scripts/c217_certificate.json
sha256_without_digest=4f6f3d128aec8e6e78e94a11b9a19492ce6b10b551f7a0c4861a7fa0d942a60d
