Proof commit: 300f26c375cbfaf292a845195ed43ac592e47386
Build status: 1

✔ [7884/7892] Built FormalConjecturesForMathlib.Algebra.GCDMonoid.Finset (1.6s)
✔ [7885/7892] Built FormalConjecturesForMathlib.Algebra.Group.Action.Pointwise.Set.Basic (1.5s)
✔ [7886/7893] Built FormalConjecturesForMathlib.Order.Filter.atTopBot.Finset (1.7s)
✔ [7887/7893] Built FormalConjecturesForMathlib.Algebra.Group.Indicator (1.5s)
✔ [7888/7894] Built FormalConjecturesForMathlib.Algebra.Polynomial.Basic (1.8s)
✔ [7889/7895] Built FormalConjecturesForMathlib.Algebra.Polynomial.Algebra (2.9s)
✔ [7890/7896] Built FormalConjecturesForMathlib.Algebra.Polynomial.HasseDeriv (2.4s)
✔ [7891/7897] Built FormalConjecturesForMathlib.Algebra.Powerfree (2.9s)
✔ [7892/7898] Built FormalConjecturesForMathlib.Algebra.Order.Group.Pointwise.Interval (6.0s)
✔ [7893/7899] Built FormalConjecturesForMathlib.Algebra.QuadraticAlgebra.Basic (4.4s)
✔ [7894/7900] Built FormalConjecturesForMathlib.Algebra.QuadraticAlgebra.Instances (3.9s)
✔ [7895/7901] Built FormalConjecturesForMathlib.AlgebraicGeometry.ProjectiveSpace (3.8s)
✔ [7896/7901] Built FormalConjecturesForMathlib.Algebra.Group.GrowthFunction (10s)
✔ [7897/7904] Built FormalConjecturesForMathlib.Analysis.Equidistribution.ModOne (2.2s)
✔ [7898/7905] Built FormalConjecturesForMathlib.AlgebraicGeometry.VectorBundle (3.6s)
✔ [7899/7906] Built FormalConjecturesForMathlib.Analysis.Asymptotics.Basic (2.8s)
✔ [7900/7907] Built FormalConjecturesForMathlib.Topology.Algebra.InfiniteSum.Group (2.4s)
✔ [7901/7908] Built FormalConjecturesForMathlib.Topology.Algebra.InfiniteSum.Order (2.5s)
✔ [7902/7908] Built FormalConjecturesForMathlib.Analysis.Real.Cardinality (2.4s)
✔ [7903/7908] Built FormalConjecturesForMathlib.Analysis.Fourier.SpectralSets (5.8s)
✔ [7904/7911] Built FormalConjecturesForMathlib.Analysis.SpecialFunctions.NthRoot (3.0s)
✔ [7905/7912] Built FormalConjecturesForMathlib.Analysis.SpecialFunctions.Log.Basic (4.4s)
✔ [7906/7913] Built FormalConjecturesForMathlib.Analysis.HasGaps (5.0s)
✔ [7907/7914] Built FormalConjecturesForMathlib.Combinatorics.AP.Basic (4.1s)
✔ [7908/7914] Built FormalConjecturesForMathlib.Order.Filter.Cofinite (2.4s)
✔ [7909/7916] Built FormalConjecturesForMathlib.Combinatorics.Additive.Convolution (2.7s)
✔ [7910/7917] Built FormalConjecturesForMathlib.Combinatorics.Additive.DifferenceBasis (1.9s)
✔ [7911/7918] Built FormalConjecturesForMathlib.Combinatorics.Additive.RestrictedSumset (1.5s)
✔ [7912/7919] Built FormalConjecturesForMathlib.Combinatorics.SetFamily.VCDim (2.1s)
✔ [7913/7920] Built FormalConjecturesForMathlib.Combinatorics.Additive.Coset (6.2s)
✔ [7914/7920] Built FormalConjecturesForMathlib.Combinatorics.Hypergraph.ThreeUniform (2.4s)
✔ [7915/7921] Built FormalConjecturesForMathlib.Combinatorics.LatinSquare (2.8s)
✔ [7916/7923] Built FormalConjecturesForMathlib.Combinatorics.Additive.Basis (8.0s)
✔ [7917/7924] Built FormalConjecturesForMathlib.Combinatorics.Ramsey (1.0s)
✔ [7918/7925] Built FormalConjecturesForMathlib.Combinatorics.Additive.VCDim (5.7s)
✔ [7919/7925] Built FormalConjecturesForMathlib.Combinatorics.SetFamily.Sunflower (1.9s)
✔ [7920/7926] Built FormalConjecturesForMathlib.Combinatorics.SetTheory.PartitionRelation (1.7s)
✔ [7921/7927] Built FormalConjecturesForMathlib.Combinatorics.SimpleGraph.Balanced (1.9s)
✔ [7922/7929] Built FormalConjecturesForMathlib.Combinatorics.Ramsey.Diagonal (2.7s)
✔ [7923/7930] Built FormalConjecturesForMathlib.Combinatorics.SimpleGraph.Circumference (1.8s)
✔ [7924/7930] Built FormalConjecturesForMathlib.Combinatorics.SimpleGraph.CompleteGraphEdgeCount (1.7s)
✔ [7925/7934] Built FormalConjecturesForMathlib.Combinatorics.SimpleGraph.Clique (2.6s)
✔ [7926/7934] Built FormalConjecturesForMathlib.Combinatorics.SimpleGraph.CycleRank (1.9s)
✔ [7927/7934] Built FormalConjecturesForMathlib.Combinatorics.SimpleGraph.DiamExtra (1.8s)
✔ [7928/7934] Built FormalConjecturesForMathlib.Combinatorics.SimpleGraph.Residue (2.1s)
✔ [7929/7937] Built FormalConjecturesForMathlib.Combinatorics.Basic (17s)
✔ [7930/7937] Built FormalConjecturesForMathlib.Combinatorics.SimpleGraph.VertexDistance (4.2s)
✔ [7931/7937] Built FormalConjecturesForMathlib.Combinatorics.SimpleGraph.FractionalAlpha (2.2s)
✔ [7932/7940] Built FormalConjecturesForMathlib.Analysis.Matrix.Spectrum (3.1s)
✔ [7933/7940] Built FormalConjecturesForMathlib.Combinatorics.SimpleGraph.SzegedIndex (2.7s)
✔ [7934/7941] Built FormalConjecturesForMathlib.Combinatorics.SimpleGraph.WienerIndex (3.1s)
✔ [7935/7942] Built FormalConjecturesForMathlib.Combinatorics.SimpleGraph.Coloring (7.8s)
✔ [7936/7943] Built FormalConjecturesForMathlib.Combinatorics.SimpleGraph.Degrees (2.3s)
✔ [7937/7944] Built FormalConjecturesForMathlib.Combinatorics.SimpleGraph.LovaszTheta (3.1s)
✔ [7938/7944] Built FormalConjecturesForMathlib.Combinatorics.SimpleGraph.Cvetkovic (2.3s)
✔ [7939/7945] Built FormalConjecturesForMathlib.Combinatorics.SimpleGraph.Temperature (1.8s)
✔ [7940/7946] Built FormalConjecturesForMathlib.Combinatorics.SimpleGraph.Independence (2.2s)
✔ [7941/7947] Built FormalConjecturesForMathlib.Combinatorics.SimpleGraph.AnnihilationNumber (2.2s)
✔ [7942/7948] Built FormalConjecturesForMathlib.Combinatorics.SimpleGraph.Eccentricity (2.8s)
✔ [7943/7949] Built FormalConjecturesForMathlib.Combinatorics.SimpleGraph.Induced (1.0s)
✔ [7944/7950] Built FormalConjecturesForMathlib.Combinatorics.SimpleGraph.PathCover (1.9s)
✔ [7945/7950] Built FormalConjecturesForMathlib.Combinatorics.SimpleGraph.EdgeColouring (1.6s)
✔ [7946/7953] Built FormalConjecturesForMathlib.Combinatorics.SimpleGraph.Domination (2.2s)
✔ [7947/7954] Built FormalConjecturesForMathlib.Combinatorics.SimpleGraph.WellTotallyDominated (1.7s)
✔ [7948/7955] Built FormalConjecturesForMathlib.Combinatorics.SimpleGraph.LargestInducedTree (1.8s)
✔ [7949/7956] Built FormalConjecturesForMathlib.Combinatorics.SimpleGraph.HomDensity (2.5s)
✔ [7950/7957] Built FormalConjecturesForMathlib.Data.Finset.Card (1.5s)
✔ [7951/7958] Built FormalConjecturesForMathlib.Combinatorics.SimpleGraph.Ramsey (1.6s)
✔ [7952/7958] Built FormalConjecturesForMathlib.Combinatorics.SimpleGraph.SizeRamsey (1.8s)
✔ [7953/7959] Built FormalConjecturesForMathlib.Combinatorics.SimpleGraph.Connectivity (1.6s)
✔ [7954/7960] Built FormalConjecturesForMathlib.Combinatorics.SimpleGraph.Matching (2.2s)
✔ [7955/7961] Built FormalConjecturesForMathlib.Combinatorics.SimpleGraph.Johnson (2.0s)
✔ [7956/7961] Built FormalConjecturesForMathlib.Combinatorics.SimpleGraph.SpanningTree (1.0s)
✔ [7957/7964] Built FormalConjecturesForMathlib.Combinatorics.YoungDiagram (1.6s)
✔ [7958/7967] Built FormalConjecturesForMathlib.Combinatorics.SimpleGraph.UnitDistancePlaneGraph (2.7s)
✔ [7959/7967] Built FormalConjecturesForMathlib.Computability.DFA (1.7s)
✔ [7960/7968] Built FormalConjecturesForMathlib.Computability.Encoding (1.9s)
✔ [7961/7969] Built FormalConjecturesForMathlib.Computability.TuringMachine.PostTuringMachine (1.9s)
✔ [7962/7969] Built FormalConjecturesForMathlib.Data.Finset.ReciprocalSum (1.6s)
✔ [7963/7970] Built FormalConjecturesForMathlib.Data.Finset.Powerset (1.7s)
✔ [7964/7971] Built FormalConjecturesForMathlib.Data.Int.IntermediateValue (1.4s)
✔ [7965/7972] Built FormalConjecturesForMathlib.Data.Nat.Init (1.3s)
✔ [7966/7973] Built FormalConjecturesForMathlib.Data.Nat.Factorization.Basic (2.3s)
✔ [7967/7974] Built FormalConjecturesForMathlib.Data.Nat.Full (2.4s)
✔ [7968/7975] Built FormalConjecturesForMathlib.Computability.TuringMachine.BusyBeavers (3.1s)
✔ [7969/7975] Built FormalConjecturesForMathlib.Data.Nat.MaxPrimeFac (2.0s)
✔ [7970/7976] Built FormalConjecturesForMathlib.Data.Nat.Prime.Composite (1.5s)
✔ [7971/7977] Built FormalConjecturesForMathlib.Data.Nat.Prime.Finset (1.6s)
✔ [7972/7978] Built FormalConjecturesForMathlib.Data.Nat.Prime.Defs (2.9s)
✔ [7973/7978] Built FormalConjecturesForMathlib.Data.Nat.PerfectPower (4.2s)
✔ [7974/7980] Built FormalConjecturesForMathlib.Computability.TuringMachine.Notation (3.4s)
✔ [7975/7982] Built FormalConjecturesForMathlib.Data.Real.NearestInt (1.7s)
✔ [7976/7983] Built FormalConjecturesForMathlib.Data.Set.Interval (1.6s)
✔ [7977/7984] Built FormalConjecturesForMathlib.Data.Real.Constants (2.7s)
✔ [7978/7985] Built FormalConjecturesForMathlib.Data.Nat.Squarefree (3.8s)
✔ [7979/7986] Built FormalConjecturesForMathlib.Order.Interval.Finset.Basic (1.8s)
✔ [7980/7987] Built FormalConjecturesForMathlib.Order.Interval.Finset.Nat (1.8s)
✔ [7981/7987] Built FormalConjecturesForMathlib.Data.Set.Triplewise (2.6s)
✔ [7982/7988] Built FormalConjecturesForMathlib.Data.ZMod.Fp (2.1s)
✔ [7983/7988] Built FormalConjecturesForMathlib.Data.ZMod.PerfectDifferenceSet (1.6s)
✔ [7984/7991] Built FormalConjecturesForMathlib.FieldTheory.MvRatFunc.Defs (2.3s)
✔ [7985/7992] Built FormalConjecturesForMathlib.Geometry.Metric (1.8s)
✔ [7986/7993] Built FormalConjecturesForMathlib.Logic.Equiv.Fin.Rotate (1.5s)
✔ [7987/7993] Built FormalConjecturesForMathlib.Geometry.Euclidean (2.7s)
✔ [7988/7994] Built FormalConjecturesForMathlib.LinearAlgebra.AffineSpace.Simplex.Basic (2.3s)
✔ [7989/7997] Built FormalConjecturesForMathlib.Data.Set.Density (5.6s)
✔ [7990/7997] Built FormalConjecturesForMathlib.Geometry.«3d» (3.4s)
✔ [7991/7998] Built FormalConjecturesForMathlib.LinearAlgebra.GeneralLinearGroup (2.5s)
✔ [7992/7999] Built FormalConjecturesForMathlib.NumberTheory.AdditivelyComplete (2.2s)
✔ [7993/7999] Built FormalConjecturesForMathlib.NumberTheory.Amicable (2.2s)
✔ [7994/8000] Built FormalConjecturesForMathlib.LinearAlgebra.SpecialLinearGroup (2.4s)
✔ [7995/8001] Built FormalConjecturesForMathlib.NumberTheory.BeurlingPrimes (3.2s)
✔ [7996/8002] Built FormalConjecturesForMathlib.NumberTheory.CoveringSystem (2.0s)
✔ [7997/8003] Built FormalConjecturesForMathlib.Geometry.«2d» (9.3s)
✔ [7998/8004] Built FormalConjecturesForMathlib.NumberTheory.DirichletCharacter.Basic (2.1s)
✔ [7999/8005] Built FormalConjecturesForMathlib.NumberTheory.Divisors (1.8s)
✔ [8000/8006] Built FormalConjecturesForMathlib.NumberTheory.Carmichael (6.9s)
✔ [8001/8007] Built FormalConjecturesForMathlib.NumberTheory.Lacunary (2.4s)
✔ [8002/8008] Built FormalConjecturesForMathlib.NumberTheory.LegendreSymbol.Basic (2.4s)
✔ [8003/8009] Built FormalConjecturesForMathlib.NumberTheory.NormalNumber (1.9s)
✔ [8004/8010] Built FormalConjecturesForMathlib.NumberTheory.PracticalNumbers (1.7s)
✔ [8005/8011] Built FormalConjecturesForMathlib.NumberTheory.NumberField.Quadratic (2.6s)
✔ [8006/8012] Built FormalConjecturesForMathlib.NumberTheory.PrimeGap (1.6s)
✔ [8007/8013] Built FormalConjecturesForMathlib.NumberTheory.PisotNumber (3.5s)
✔ [8008/8014] Built FormalConjecturesForMathlib.NumberTheory.SierpinskiNumber (1.4s)
✔ [8009/8015] Built FormalConjecturesForMathlib.NumberTheory.Primitive (2.1s)
✔ [8010/8016] Built FormalConjecturesForMathlib.Probability.FiniteMethod (1.8s)
✔ [8011/8017] Built FormalConjecturesForMathlib.NumberTheory.WallSunSunPrimes (3.2s)
✔ [8012/8019] Built FormalConjecturesForMathlib.SetTheory.Cardinal.Arithmetic (2.1s)
✔ [8013/8019] Built FormalConjecturesForMathlib.SetTheory.Cardinal.Continuum (1.7s)
✔ [8014/8020] Built FormalConjecturesForMathlib.SetTheory.Cardinal.SimpleGraph (1.8s)
✔ [8015/8022] Built FormalConjecturesForMathlib.Topology.AbsoluteNeighborhoodRetract (1.7s)
✔ [8016/8024] Built FormalConjecturesForMathlib.Topology.Discrete (1.7s)
✔ [8017/8024] Built FormalConjecturesForMathlib.Topology.GDelta (1.7s)
✔ [8018/8024] Built FormalConjectures.Util.Answer.Syntax (320ms)
✔ [8019/8028] Built FormalConjecturesForMathlib.Topology.LebesgueCoveringDimension (1.8s)
✔ [8020/8031] Built FormalConjectures.Util.Answer (1.2s)
✔ [8021/8035] Built FormalConjecturesForMathlib.Topology.Homogeneous (1.6s)
✔ [8023/8066] Built FormalConjecturesForMathlib.Topology.MetricSpace.MetricSeparated (1.9s)
✔ [8024/8066] Built FormalConjecturesForMathlib.Lean.Elab.InfoTree.Util (455ms)
✔ [8025/8066] Built FormalConjectures.Util.Linters.CopyrightLinter (788ms)
✔ [8026/8066] Built FormalConjectures.Util.Linters.ModuleDocstringLinter (1.1s)
✔ [8027/8066] Built FormalConjectures.Util.Linters.NamespaceLinter (734ms)
✔ [8028/8066] Built FormalConjectures.Util.Attributes.AMS (2.0s)
✔ [8029/8066] Built FormalConjecturesForMathlib.Tactic.Linter.Term (665ms)
✔ [8030/8066] Built FormalConjectures.Util.Linters.ExistsImplicationLinter (711ms)
✔ [8031/8066] Built FormalConjectures.Util.Attributes.Basic (2.2s)
✔ [8032/8066] Built FormalConjecturesForMathlib (4.0s)
✔ [8033/8066] Built FormalConjectures.Util.Linters.AnswerLinter (1.7s)
✔ [8034/8066] Built FormalConjectures.Util.Linters.CategoryDocstringLinter (1.7s)
✔ [8035/8066] Built FormalConjectures.Util.Linters.CategoryLinter (1.8s)
✔ [8036/8066] Built FormalConjectures.Util.Linters.AMSLinter (1.7s)
✔ [8037/8066] Built FormalConjectures.Util.ProblemImports (3.4s)
✔ [8038/8066] Built FormalConjectures.OEIS.«263135» (11s)
⚠ [8039/8066] Built Scratch.A263135Rows (4.6s)
warning: Scratch/A263135Rows.lean:1:0: The copyright header is incorrect. Please copy and paste the following one:
/-
Copyright 2026 The Formal Conjectures Authors.

Licensed under the Apache License, Version 2.0 (the "License");
you may not use this file except in compliance with the License.
You may obtain a copy of the License at

    https://www.apache.org/licenses/LICENSE-2.0

Unless required by applicable law or agreed to in writing, software
distributed under the License is distributed on an "AS IS" BASIS,
WITHOUT WARRANTIES OR CONDITIONS OF ANY KIND, either express or implied.
See the License for the specific language governing permissions and
limitations under the License.
-/

Note: This linter can be disabled with `set_option linter.style.copyright.formalConjectures false`
warning: Scratch/A263135Rows.lean:3:0: This file has no module docstring (`/-! ... -/`). Add one after the imports to document the file.

Note: This linter can be disabled with `set_option linter.style.moduleDocstring false`
warning: Scratch/A263135Rows.lean:1:0: The copyright header is incorrect. Please copy and paste the following one:
/-
Copyright 2026 The Formal Conjectures Authors.

Licensed under the Apache License, Version 2.0 (the "License");
you may not use this file except in compliance with the License.
You may obtain a copy of the License at

    https://www.apache.org/licenses/LICENSE-2.0

Unless required by applicable law or agreed to in writing, software
distributed under the License is distributed on an "AS IS" BASIS,
WITHOUT WARRANTIES OR CONDITIONS OF ANY KIND, either express or implied.
See the License for the specific language governing permissions and
limitations under the License.
-/

Note: This linter can be disabled with `set_option linter.style.copyright.formalConjectures false`
warning: Scratch/A263135Rows.lean:1:0: The copyright header is incorrect. Please copy and paste the following one:
/-
Copyright 2026 The Formal Conjectures Authors.

Licensed under the Apache License, Version 2.0 (the "License");
you may not use this file except in compliance with the License.
You may obtain a copy of the License at

    https://www.apache.org/licenses/LICENSE-2.0

Unless required by applicable law or agreed to in writing, software
distributed under the License is distributed on an "AS IS" BASIS,
WITHOUT WARRANTIES OR CONDITIONS OF ANY KIND, either express or implied.
See the License for the specific language governing permissions and
limitations under the License.
-/

Note: This linter can be disabled with `set_option linter.style.copyright.formalConjectures false`
warning: Scratch/A263135Rows.lean:1:0: The copyright header is incorrect. Please copy and paste the following one:
/-
Copyright 2026 The Formal Conjectures Authors.

Licensed under the Apache License, Version 2.0 (the "License");
you may not use this file except in compliance with the License.
You may obtain a copy of the License at

    https://www.apache.org/licenses/LICENSE-2.0

Unless required by applicable law or agreed to in writing, software
distributed under the License is distributed on an "AS IS" BASIS,
WITHOUT WARRANTIES OR CONDITIONS OF ANY KIND, either express or implied.
See the License for the specific language governing permissions and
limitations under the License.
-/

Note: This linter can be disabled with `set_option linter.style.copyright.formalConjectures false`
warning: Scratch/A263135Rows.lean:1:0: The copyright header is incorrect. Please copy and paste the following one:
/-
Copyright 2026 The Formal Conjectures Authors.

Licensed under the Apache License, Version 2.0 (the "License");
you may not use this file except in compliance with the License.
You may obtain a copy of the License at

    https://www.apache.org/licenses/LICENSE-2.0

Unless required by applicable law or agreed to in writing, software
distributed under the License is distributed on an "AS IS" BASIS,
WITHOUT WARRANTIES OR CONDITIONS OF ANY KIND, either express or implied.
See the License for the specific language governing permissions and
limitations under the License.
-/

Note: This linter can be disabled with `set_option linter.style.copyright.formalConjectures false`
warning: Scratch/A263135Rows.lean:1:0: The copyright header is incorrect. Please copy and paste the following one:
/-
Copyright 2026 The Formal Conjectures Authors.

Licensed under the Apache License, Version 2.0 (the "License");
you may not use this file except in compliance with the License.
You may obtain a copy of the License at

    https://www.apache.org/licenses/LICENSE-2.0

Unless required by applicable law or agreed to in writing, software
distributed under the License is distributed on an "AS IS" BASIS,
WITHOUT WARRANTIES OR CONDITIONS OF ANY KIND, either express or implied.
See the License for the specific language governing permissions and
limitations under the License.
-/

Note: This linter can be disabled with `set_option linter.style.copyright.formalConjectures false`
warning: Scratch/A263135Rows.lean:1:0: The copyright header is incorrect. Please copy and paste the following one:
/-
Copyright 2026 The Formal Conjectures Authors.

Licensed under the Apache License, Version 2.0 (the "License");
you may not use this file except in compliance with the License.
You may obtain a copy of the License at

    https://www.apache.org/licenses/LICENSE-2.0

Unless required by applicable law or agreed to in writing, software
distributed under the License is distributed on an "AS IS" BASIS,
WITHOUT WARRANTIES OR CONDITIONS OF ANY KIND, either express or implied.
See the License for the specific language governing permissions and
limitations under the License.
-/

Note: This linter can be disabled with `set_option linter.style.copyright.formalConjectures false`
warning: Scratch/A263135Rows.lean:1:0: The copyright header is incorrect. Please copy and paste the following one:
/-
Copyright 2026 The Formal Conjectures Authors.

Licensed under the Apache License, Version 2.0 (the "License");
you may not use this file except in compliance with the License.
You may obtain a copy of the License at

    https://www.apache.org/licenses/LICENSE-2.0

Unless required by applicable law or agreed to in writing, software
distributed under the License is distributed on an "AS IS" BASIS,
WITHOUT WARRANTIES OR CONDITIONS OF ANY KIND, either express or implied.
See the License for the specific language governing permissions and
limitations under the License.
-/

Note: This linter can be disabled with `set_option linter.style.copyright.formalConjectures false`
warning: Scratch/A263135Rows.lean:1:0: The copyright header is incorrect. Please copy and paste the following one:
/-
Copyright 2026 The Formal Conjectures Authors.

Licensed under the Apache License, Version 2.0 (the "License");
you may not use this file except in compliance with the License.
You may obtain a copy of the License at

    https://www.apache.org/licenses/LICENSE-2.0

Unless required by applicable law or agreed to in writing, software
distributed under the License is distributed on an "AS IS" BASIS,
WITHOUT WARRANTIES OR CONDITIONS OF ANY KIND, either express or implied.
See the License for the specific language governing permissions and
limitations under the License.
-/

Note: This linter can be disabled with `set_option linter.style.copyright.formalConjectures false`
warning: Scratch/A263135Rows.lean:1:0: The copyright header is incorrect. Please copy and paste the following one:
/-
Copyright 2026 The Formal Conjectures Authors.

Licensed under the Apache License, Version 2.0 (the "License");
you may not use this file except in compliance with the License.
You may obtain a copy of the License at

    https://www.apache.org/licenses/LICENSE-2.0

Unless required by applicable law or agreed to in writing, software
distributed under the License is distributed on an "AS IS" BASIS,
WITHOUT WARRANTIES OR CONDITIONS OF ANY KIND, either express or implied.
See the License for the specific language governing permissions and
limitations under the License.
-/

Note: This linter can be disabled with `set_option linter.style.copyright.formalConjectures false`
warning: Scratch/A263135Rows.lean:1:0: The copyright header is incorrect. Please copy and paste the following one:
/-
Copyright 2026 The Formal Conjectures Authors.

Licensed under the Apache License, Version 2.0 (the "License");
you may not use this file except in compliance with the License.
You may obtain a copy of the License at

    https://www.apache.org/licenses/LICENSE-2.0

Unless required by applicable law or agreed to in writing, software
distributed under the License is distributed on an "AS IS" BASIS,
WITHOUT WARRANTIES OR CONDITIONS OF ANY KIND, either express or implied.
See the License for the specific language governing permissions and
limitations under the License.
-/

Note: This linter can be disabled with `set_option linter.style.copyright.formalConjectures false`
warning: Scratch/A263135Rows.lean:1:0: The copyright header is incorrect. Please copy and paste the following one:
/-
Copyright 2026 The Formal Conjectures Authors.

Licensed under the Apache License, Version 2.0 (the "License");
you may not use this file except in compliance with the License.
You may obtain a copy of the License at

    https://www.apache.org/licenses/LICENSE-2.0

Unless required by applicable law or agreed to in writing, software
distributed under the License is distributed on an "AS IS" BASIS,
WITHOUT WARRANTIES OR CONDITIONS OF ANY KIND, either express or implied.
See the License for the specific language governing permissions and
limitations under the License.
-/

Note: This linter can be disabled with `set_option linter.style.copyright.formalConjectures false`
warning: Scratch/A263135Rows.lean:1:0: The copyright header is incorrect. Please copy and paste the following one:
/-
Copyright 2026 The Formal Conjectures Authors.

Licensed under the Apache License, Version 2.0 (the "License");
you may not use this file except in compliance with the License.
You may obtain a copy of the License at

    https://www.apache.org/licenses/LICENSE-2.0

Unless required by applicable law or agreed to in writing, software
distributed under the License is distributed on an "AS IS" BASIS,
WITHOUT WARRANTIES OR CONDITIONS OF ANY KIND, either express or implied.
See the License for the specific language governing permissions and
limitations under the License.
-/

Note: This linter can be disabled with `set_option linter.style.copyright.formalConjectures false`
warning: Scratch/A263135Rows.lean:1:0: The copyright header is incorrect. Please copy and paste the following one:
/-
Copyright 2026 The Formal Conjectures Authors.

Licensed under the Apache License, Version 2.0 (the "License");
you may not use this file except in compliance with the License.
You may obtain a copy of the License at

    https://www.apache.org/licenses/LICENSE-2.0

Unless required by applicable law or agreed to in writing, software
distributed under the License is distributed on an "AS IS" BASIS,
WITHOUT WARRANTIES OR CONDITIONS OF ANY KIND, either express or implied.
See the License for the specific language governing permissions and
limitations under the License.
-/

Note: This linter can be disabled with `set_option linter.style.copyright.formalConjectures false`
warning: Scratch/A263135Rows.lean:1:0: The copyright header is incorrect. Please copy and paste the following one:
/-
Copyright 2026 The Formal Conjectures Authors.

Licensed under the Apache License, Version 2.0 (the "License");
you may not use this file except in compliance with the License.
You may obtain a copy of the License at

    https://www.apache.org/licenses/LICENSE-2.0

Unless required by applicable law or agreed to in writing, software
distributed under the License is distributed on an "AS IS" BASIS,
WITHOUT WARRANTIES OR CONDITIONS OF ANY KIND, either express or implied.
See the License for the specific language governing permissions and
limitations under the License.
-/

Note: This linter can be disabled with `set_option linter.style.copyright.formalConjectures false`
warning: Scratch/A263135Rows.lean:1:0: The copyright header is incorrect. Please copy and paste the following one:
/-
Copyright 2026 The Formal Conjectures Authors.

Licensed under the Apache License, Version 2.0 (the "License");
you may not use this file except in compliance with the License.
You may obtain a copy of the License at

    https://www.apache.org/licenses/LICENSE-2.0

Unless required by applicable law or agreed to in writing, software
distributed under the License is distributed on an "AS IS" BASIS,
WITHOUT WARRANTIES OR CONDITIONS OF ANY KIND, either express or implied.
See the License for the specific language governing permissions and
limitations under the License.
-/

Note: This linter can be disabled with `set_option linter.style.copyright.formalConjectures false`
⚠ [8040/8066] Built Scratch.A263135Boundary (6.4s)
warning: Scratch/A263135Boundary.lean:19:0: This file has no module docstring (`/-! ... -/`). Add one after the imports to document the file.

Note: This linter can be disabled with `set_option linter.style.moduleDocstring false`
warning: Scratch/A263135Boundary.lean:33:63: this tactic is never executed

Note: This linter can be disabled with `set_option linter.unreachableTactic false`
warning: Scratch/A263135Boundary.lean:51:63: this tactic is never executed

Note: This linter can be disabled with `set_option linter.unreachableTactic false`
warning: Scratch/A263135Boundary.lean:39:59: Used `tac1 <;> tac2` where `(tac1; tac2)` would suffice

Note: This linter can be disabled with `set_option linter.unnecessarySeqFocus false`
warning: Scratch/A263135Boundary.lean:45:59: Used `tac1 <;> tac2` where `(tac1; tac2)` would suffice

Note: This linter can be disabled with `set_option linter.unnecessarySeqFocus false`
warning: Scratch/A263135Boundary.lean:57:59: Used `tac1 <;> tac2` where `(tac1; tac2)` would suffice

Note: This linter can be disabled with `set_option linter.unnecessarySeqFocus false`
warning: Scratch/A263135Boundary.lean:63:59: Used `tac1 <;> tac2` where `(tac1; tac2)` would suffice

Note: This linter can be disabled with `set_option linter.unnecessarySeqFocus false`
warning: Scratch/A263135Boundary.lean:33:63: 'omega' tactic does nothing

Note: This linter can be disabled with `set_option linter.unusedTactic false`
warning: Scratch/A263135Boundary.lean:51:63: 'omega' tactic does nothing

Note: This linter can be disabled with `set_option linter.unusedTactic false`
⚠ [8041/8066] Built Scratch.A263135Endpoints (5.6s)
warning: Scratch/A263135Endpoints.lean:1:0: The copyright header is incorrect. Please copy and paste the following one:
/-
Copyright 2026 The Formal Conjectures Authors.

Licensed under the Apache License, Version 2.0 (the "License");
you may not use this file except in compliance with the License.
You may obtain a copy of the License at

    https://www.apache.org/licenses/LICENSE-2.0

Unless required by applicable law or agreed to in writing, software
distributed under the License is distributed on an "AS IS" BASIS,
WITHOUT WARRANTIES OR CONDITIONS OF ANY KIND, either express or implied.
See the License for the specific language governing permissions and
limitations under the License.
-/

Note: This linter can be disabled with `set_option linter.style.copyright.formalConjectures false`
warning: Scratch/A263135Endpoints.lean:3:0: This file has no module docstring (`/-! ... -/`). Add one after the imports to document the file.

Note: This linter can be disabled with `set_option linter.style.moduleDocstring false`
warning: Scratch/A263135Endpoints.lean:1:0: The copyright header is incorrect. Please copy and paste the following one:
/-
Copyright 2026 The Formal Conjectures Authors.

Licensed under the Apache License, Version 2.0 (the "License");
you may not use this file except in compliance with the License.
You may obtain a copy of the License at

    https://www.apache.org/licenses/LICENSE-2.0

Unless required by applicable law or agreed to in writing, software
distributed under the License is distributed on an "AS IS" BASIS,
WITHOUT WARRANTIES OR CONDITIONS OF ANY KIND, either express or implied.
See the License for the specific language governing permissions and
limitations under the License.
-/

Note: This linter can be disabled with `set_option linter.style.copyright.formalConjectures false`
warning: Scratch/A263135Endpoints.lean:1:0: The copyright header is incorrect. Please copy and paste the following one:
/-
Copyright 2026 The Formal Conjectures Authors.

Licensed under the Apache License, Version 2.0 (the "License");
you may not use this file except in compliance with the License.
You may obtain a copy of the License at

    https://www.apache.org/licenses/LICENSE-2.0

Unless required by applicable law or agreed to in writing, software
distributed under the License is distributed on an "AS IS" BASIS,
WITHOUT WARRANTIES OR CONDITIONS OF ANY KIND, either express or implied.
See the License for the specific language governing permissions and
limitations under the License.
-/

Note: This linter can be disabled with `set_option linter.style.copyright.formalConjectures false`
warning: Scratch/A263135Endpoints.lean:1:0: The copyright header is incorrect. Please copy and paste the following one:
/-
Copyright 2026 The Formal Conjectures Authors.

Licensed under the Apache License, Version 2.0 (the "License");
you may not use this file except in compliance with the License.
You may obtain a copy of the License at

    https://www.apache.org/licenses/LICENSE-2.0

Unless required by applicable law or agreed to in writing, software
distributed under the License is distributed on an "AS IS" BASIS,
WITHOUT WARRANTIES OR CONDITIONS OF ANY KIND, either express or implied.
See the License for the specific language governing permissions and
limitations under the License.
-/

Note: This linter can be disabled with `set_option linter.style.copyright.formalConjectures false`
warning: Scratch/A263135Endpoints.lean:1:0: The copyright header is incorrect. Please copy and paste the following one:
/-
Copyright 2026 The Formal Conjectures Authors.

Licensed under the Apache License, Version 2.0 (the "License");
you may not use this file except in compliance with the License.
You may obtain a copy of the License at

    https://www.apache.org/licenses/LICENSE-2.0

Unless required by applicable law or agreed to in writing, software
distributed under the License is distributed on an "AS IS" BASIS,
WITHOUT WARRANTIES OR CONDITIONS OF ANY KIND, either express or implied.
See the License for the specific language governing permissions and
limitations under the License.
-/

Note: This linter can be disabled with `set_option linter.style.copyright.formalConjectures false`
warning: Scratch/A263135Endpoints.lean:1:0: The copyright header is incorrect. Please copy and paste the following one:
/-
Copyright 2026 The Formal Conjectures Authors.

Licensed under the Apache License, Version 2.0 (the "License");
you may not use this file except in compliance with the License.
You may obtain a copy of the License at

    https://www.apache.org/licenses/LICENSE-2.0

Unless required by applicable law or agreed to in writing, software
distributed under the License is distributed on an "AS IS" BASIS,
WITHOUT WARRANTIES OR CONDITIONS OF ANY KIND, either express or implied.
See the License for the specific language governing permissions and
limitations under the License.
-/

Note: This linter can be disabled with `set_option linter.style.copyright.formalConjectures false`
warning: Scratch/A263135Endpoints.lean:1:0: The copyright header is incorrect. Please copy and paste the following one:
/-
Copyright 2026 The Formal Conjectures Authors.

Licensed under the Apache License, Version 2.0 (the "License");
you may not use this file except in compliance with the License.
You may obtain a copy of the License at

    https://www.apache.org/licenses/LICENSE-2.0

Unless required by applicable law or agreed to in writing, software
distributed under the License is distributed on an "AS IS" BASIS,
WITHOUT WARRANTIES OR CONDITIONS OF ANY KIND, either express or implied.
See the License for the specific language governing permissions and
limitations under the License.
-/

Note: This linter can be disabled with `set_option linter.style.copyright.formalConjectures false`
warning: Scratch/A263135Endpoints.lean:1:0: The copyright header is incorrect. Please copy and paste the following one:
/-
Copyright 2026 The Formal Conjectures Authors.

Licensed under the Apache License, Version 2.0 (the "License");
you may not use this file except in compliance with the License.
You may obtain a copy of the License at

    https://www.apache.org/licenses/LICENSE-2.0

Unless required by applicable law or agreed to in writing, software
distributed under the License is distributed on an "AS IS" BASIS,
WITHOUT WARRANTIES OR CONDITIONS OF ANY KIND, either express or implied.
See the License for the specific language governing permissions and
limitations under the License.
-/

Note: This linter can be disabled with `set_option linter.style.copyright.formalConjectures false`
warning: Scratch/A263135Endpoints.lean:1:0: The copyright header is incorrect. Please copy and paste the following one:
/-
Copyright 2026 The Formal Conjectures Authors.

Licensed under the Apache License, Version 2.0 (the "License");
you may not use this file except in compliance with the License.
You may obtain a copy of the License at

    https://www.apache.org/licenses/LICENSE-2.0

Unless required by applicable law or agreed to in writing, software
distributed under the License is distributed on an "AS IS" BASIS,
WITHOUT WARRANTIES OR CONDITIONS OF ANY KIND, either express or implied.
See the License for the specific language governing permissions and
limitations under the License.
-/

Note: This linter can be disabled with `set_option linter.style.copyright.formalConjectures false`
warning: Scratch/A263135Endpoints.lean:1:0: The copyright header is incorrect. Please copy and paste the following one:
/-
Copyright 2026 The Formal Conjectures Authors.

Licensed under the Apache License, Version 2.0 (the "License");
you may not use this file except in compliance with the License.
You may obtain a copy of the License at

    https://www.apache.org/licenses/LICENSE-2.0

Unless required by applicable law or agreed to in writing, software
distributed under the License is distributed on an "AS IS" BASIS,
WITHOUT WARRANTIES OR CONDITIONS OF ANY KIND, either express or implied.
See the License for the specific language governing permissions and
limitations under the License.
-/

Note: This linter can be disabled with `set_option linter.style.copyright.formalConjectures false`
warning: Scratch/A263135Endpoints.lean:1:0: The copyright header is incorrect. Please copy and paste the following one:
/-
Copyright 2026 The Formal Conjectures Authors.

Licensed under the Apache License, Version 2.0 (the "License");
you may not use this file except in compliance with the License.
You may obtain a copy of the License at

    https://www.apache.org/licenses/LICENSE-2.0

Unless required by applicable law or agreed to in writing, software
distributed under the License is distributed on an "AS IS" BASIS,
WITHOUT WARRANTIES OR CONDITIONS OF ANY KIND, either express or implied.
See the License for the specific language governing permissions and
limitations under the License.
-/

Note: This linter can be disabled with `set_option linter.style.copyright.formalConjectures false`
warning: Scratch/A263135Endpoints.lean:1:0: The copyright header is incorrect. Please copy and paste the following one:
/-
Copyright 2026 The Formal Conjectures Authors.

Licensed under the Apache License, Version 2.0 (the "License");
you may not use this file except in compliance with the License.
You may obtain a copy of the License at

    https://www.apache.org/licenses/LICENSE-2.0

Unless required by applicable law or agreed to in writing, software
distributed under the License is distributed on an "AS IS" BASIS,
WITHOUT WARRANTIES OR CONDITIONS OF ANY KIND, either express or implied.
See the License for the specific language governing permissions and
limitations under the License.
-/

Note: This linter can be disabled with `set_option linter.style.copyright.formalConjectures false`
warning: Scratch/A263135Endpoints.lean:1:0: The copyright header is incorrect. Please copy and paste the following one:
/-
Copyright 2026 The Formal Conjectures Authors.

Licensed under the Apache License, Version 2.0 (the "License");
you may not use this file except in compliance with the License.
You may obtain a copy of the License at

    https://www.apache.org/licenses/LICENSE-2.0

Unless required by applicable law or agreed to in writing, software
distributed under the License is distributed on an "AS IS" BASIS,
WITHOUT WARRANTIES OR CONDITIONS OF ANY KIND, either express or implied.
See the License for the specific language governing permissions and
limitations under the License.
-/

Note: This linter can be disabled with `set_option linter.style.copyright.formalConjectures false`
warning: Scratch/A263135Endpoints.lean:1:0: The copyright header is incorrect. Please copy and paste the following one:
/-
Copyright 2026 The Formal Conjectures Authors.

Licensed under the Apache License, Version 2.0 (the "License");
you may not use this file except in compliance with the License.
You may obtain a copy of the License at

    https://www.apache.org/licenses/LICENSE-2.0

Unless required by applicable law or agreed to in writing, software
distributed under the License is distributed on an "AS IS" BASIS,
WITHOUT WARRANTIES OR CONDITIONS OF ANY KIND, either express or implied.
See the License for the specific language governing permissions and
limitations under the License.
-/

Note: This linter can be disabled with `set_option linter.style.copyright.formalConjectures false`
warning: Scratch/A263135Endpoints.lean:1:0: The copyright header is incorrect. Please copy and paste the following one:
/-
Copyright 2026 The Formal Conjectures Authors.

Licensed under the Apache License, Version 2.0 (the "License");
you may not use this file except in compliance with the License.
You may obtain a copy of the License at

    https://www.apache.org/licenses/LICENSE-2.0

Unless required by applicable law or agreed to in writing, software
distributed under the License is distributed on an "AS IS" BASIS,
WITHOUT WARRANTIES OR CONDITIONS OF ANY KIND, either express or implied.
See the License for the specific language governing permissions and
limitations under the License.
-/

Note: This linter can be disabled with `set_option linter.style.copyright.formalConjectures false`
warning: Scratch/A263135Endpoints.lean:1:0: The copyright header is incorrect. Please copy and paste the following one:
/-
Copyright 2026 The Formal Conjectures Authors.

Licensed under the Apache License, Version 2.0 (the "License");
you may not use this file except in compliance with the License.
You may obtain a copy of the License at

    https://www.apache.org/licenses/LICENSE-2.0

Unless required by applicable law or agreed to in writing, software
distributed under the License is distributed on an "AS IS" BASIS,
WITHOUT WARRANTIES OR CONDITIONS OF ANY KIND, either express or implied.
See the License for the specific language governing permissions and
limitations under the License.
-/

Note: This linter can be disabled with `set_option linter.style.copyright.formalConjectures false`
warning: Scratch/A263135Endpoints.lean:1:0: The copyright header is incorrect. Please copy and paste the following one:
/-
Copyright 2026 The Formal Conjectures Authors.

Licensed under the Apache License, Version 2.0 (the "License");
you may not use this file except in compliance with the License.
You may obtain a copy of the License at

    https://www.apache.org/licenses/LICENSE-2.0

Unless required by applicable law or agreed to in writing, software
distributed under the License is distributed on an "AS IS" BASIS,
WITHOUT WARRANTIES OR CONDITIONS OF ANY KIND, either express or implied.
See the License for the specific language governing permissions and
limitations under the License.
-/

Note: This linter can be disabled with `set_option linter.style.copyright.formalConjectures false`
⚠ [8042/8066] Built Scratch.A263135RowBound (4.5s)
warning: Scratch/A263135RowBound.lean:1:0: The copyright header is incorrect. Please copy and paste the following one:
/-
Copyright 2026 The Formal Conjectures Authors.

Licensed under the Apache License, Version 2.0 (the "License");
you may not use this file except in compliance with the License.
You may obtain a copy of the License at

    https://www.apache.org/licenses/LICENSE-2.0

Unless required by applicable law or agreed to in writing, software
distributed under the License is distributed on an "AS IS" BASIS,
WITHOUT WARRANTIES OR CONDITIONS OF ANY KIND, either express or implied.
See the License for the specific language governing permissions and
limitations under the License.
-/

Note: This linter can be disabled with `set_option linter.style.copyright.formalConjectures false`
warning: Scratch/A263135RowBound.lean:3:0: This file has no module docstring (`/-! ... -/`). Add one after the imports to document the file.

Note: This linter can be disabled with `set_option linter.style.moduleDocstring false`
warning: Scratch/A263135RowBound.lean:1:0: The copyright header is incorrect. Please copy and paste the following one:
/-
Copyright 2026 The Formal Conjectures Authors.

Licensed under the Apache License, Version 2.0 (the "License");
you may not use this file except in compliance with the License.
You may obtain a copy of the License at

    https://www.apache.org/licenses/LICENSE-2.0

Unless required by applicable law or agreed to in writing, software
distributed under the License is distributed on an "AS IS" BASIS,
WITHOUT WARRANTIES OR CONDITIONS OF ANY KIND, either express or implied.
See the License for the specific language governing permissions and
limitations under the License.
-/

Note: This linter can be disabled with `set_option linter.style.copyright.formalConjectures false`
warning: Scratch/A263135RowBound.lean:1:0: The copyright header is incorrect. Please copy and paste the following one:
/-
Copyright 2026 The Formal Conjectures Authors.

Licensed under the Apache License, Version 2.0 (the "License");
you may not use this file except in compliance with the License.
You may obtain a copy of the License at

    https://www.apache.org/licenses/LICENSE-2.0

Unless required by applicable law or agreed to in writing, software
distributed under the License is distributed on an "AS IS" BASIS,
WITHOUT WARRANTIES OR CONDITIONS OF ANY KIND, either express or implied.
See the License for the specific language governing permissions and
limitations under the License.
-/

Note: This linter can be disabled with `set_option linter.style.copyright.formalConjectures false`
warning: Scratch/A263135RowBound.lean:1:0: The copyright header is incorrect. Please copy and paste the following one:
/-
Copyright 2026 The Formal Conjectures Authors.

Licensed under the Apache License, Version 2.0 (the "License");
you may not use this file except in compliance with the License.
You may obtain a copy of the License at

    https://www.apache.org/licenses/LICENSE-2.0

Unless required by applicable law or agreed to in writing, software
distributed under the License is distributed on an "AS IS" BASIS,
WITHOUT WARRANTIES OR CONDITIONS OF ANY KIND, either express or implied.
See the License for the specific language governing permissions and
limitations under the License.
-/

Note: This linter can be disabled with `set_option linter.style.copyright.formalConjectures false`
✖ [8043/8066] Building Scratch.A263135Staircase (4.7s)
trace: .> LEAN_PATH=/home/runner/work/formal-conjectures/formal-conjectures/formal-conjectures/.lake/packages/Cli/.lake/build/lib/lean:/home/runner/work/formal-conjectures/formal-conjectures/formal-conjectures/.lake/packages/batteries/.lake/build/lib/lean:/home/runner/work/formal-conjectures/formal-conjectures/formal-conjectures/.lake/packages/Qq/.lake/build/lib/lean:/home/runner/work/formal-conjectures/formal-conjectures/formal-conjectures/.lake/packages/aesop/.lake/build/lib/lean:/home/runner/work/formal-conjectures/formal-conjectures/formal-conjectures/.lake/packages/proofwidgets/.lake/build/lib/lean:/home/runner/work/formal-conjectures/formal-conjectures/formal-conjectures/.lake/packages/importGraph/.lake/build/lib/lean:/home/runner/work/formal-conjectures/formal-conjectures/formal-conjectures/.lake/packages/LeanSearchClient/.lake/build/lib/lean:/home/runner/work/formal-conjectures/formal-conjectures/formal-conjectures/.lake/packages/plausible/.lake/build/lib/lean:/home/runner/work/formal-conjectures/formal-conjectures/formal-conjectures/.lake/packages/mathlib/.lake/build/lib/lean:/home/runner/work/formal-conjectures/formal-conjectures/formal-conjectures/.lake/build/lib/lean /home/runner/.elan/toolchains/leanprover--lean4---v4.27.0/bin/lean /home/runner/work/formal-conjectures/formal-conjectures/formal-conjectures/Scratch/A263135Staircase.lean -o /home/runner/work/formal-conjectures/formal-conjectures/formal-conjectures/.lake/build/lib/lean/Scratch/A263135Staircase.olean -i /home/runner/work/formal-conjectures/formal-conjectures/formal-conjectures/.lake/build/lib/lean/Scratch/A263135Staircase.ilean -c /home/runner/work/formal-conjectures/formal-conjectures/formal-conjectures/.lake/build/ir/Scratch/A263135Staircase.c --setup /home/runner/work/formal-conjectures/formal-conjectures/formal-conjectures/.lake/build/ir/Scratch/A263135Staircase.setup.json --json
warning: Scratch/A263135Staircase.lean:1:0: The copyright header is incorrect. Please copy and paste the following one:
/-
Copyright 2026 The Formal Conjectures Authors.

Licensed under the Apache License, Version 2.0 (the "License");
you may not use this file except in compliance with the License.
You may obtain a copy of the License at

    https://www.apache.org/licenses/LICENSE-2.0

Unless required by applicable law or agreed to in writing, software
distributed under the License is distributed on an "AS IS" BASIS,
WITHOUT WARRANTIES OR CONDITIONS OF ANY KIND, either express or implied.
See the License for the specific language governing permissions and
limitations under the License.
-/

Note: This linter can be disabled with `set_option linter.style.copyright.formalConjectures false`
warning: Scratch/A263135Staircase.lean:3:0: This file has no module docstring (`/-! ... -/`). Add one after the imports to document the file.

Note: This linter can be disabled with `set_option linter.style.moduleDocstring false`
error: Scratch/A263135Staircase.lean:7:32: Unknown identifier `t`
warning: Scratch/A263135Staircase.lean:1:0: The copyright header is incorrect. Please copy and paste the following one:
/-
Copyright 2026 The Formal Conjectures Authors.

Licensed under the Apache License, Version 2.0 (the "License");
you may not use this file except in compliance with the License.
You may obtain a copy of the License at

    https://www.apache.org/licenses/LICENSE-2.0

Unless required by applicable law or agreed to in writing, software
distributed under the License is distributed on an "AS IS" BASIS,
WITHOUT WARRANTIES OR CONDITIONS OF ANY KIND, either express or implied.
See the License for the specific language governing permissions and
limitations under the License.
-/

Note: This linter can be disabled with `set_option linter.style.copyright.formalConjectures false`
error: Scratch/A263135Staircase.lean:13:2: `simp` made no progress
warning: Scratch/A263135Staircase.lean:1:0: The copyright header is incorrect. Please copy and paste the following one:
/-
Copyright 2026 The Formal Conjectures Authors.

Licensed under the Apache License, Version 2.0 (the "License");
you may not use this file except in compliance with the License.
You may obtain a copy of the License at

    https://www.apache.org/licenses/LICENSE-2.0

Unless required by applicable law or agreed to in writing, software
distributed under the License is distributed on an "AS IS" BASIS,
WITHOUT WARRANTIES OR CONDITIONS OF ANY KIND, either express or implied.
See the License for the specific language governing permissions and
limitations under the License.
-/

Note: This linter can be disabled with `set_option linter.style.copyright.formalConjectures false`
error: Scratch/A263135Staircase.lean:28:9: unsolved goals
⊢ 1 - 2 * sorry () = 1
warning: Scratch/A263135Staircase.lean:27:18: declaration uses 'sorry'
warning: Scratch/A263135Staircase.lean:1:0: The copyright header is incorrect. Please copy and paste the following one:
/-
Copyright 2026 The Formal Conjectures Authors.

Licensed under the Apache License, Version 2.0 (the "License");
you may not use this file except in compliance with the License.
You may obtain a copy of the License at

    https://www.apache.org/licenses/LICENSE-2.0

Unless required by applicable law or agreed to in writing, software
distributed under the License is distributed on an "AS IS" BASIS,
WITHOUT WARRANTIES OR CONDITIONS OF ANY KIND, either express or implied.
See the License for the specific language governing permissions and
limitations under the License.
-/

Note: This linter can be disabled with `set_option linter.style.copyright.formalConjectures false`
warning: Scratch/A263135Staircase.lean:1:0: The copyright header is incorrect. Please copy and paste the following one:
/-
Copyright 2026 The Formal Conjectures Authors.

Licensed under the Apache License, Version 2.0 (the "License");
you may not use this file except in compliance with the License.
You may obtain a copy of the License at

    https://www.apache.org/licenses/LICENSE-2.0

Unless required by applicable law or agreed to in writing, software
distributed under the License is distributed on an "AS IS" BASIS,
WITHOUT WARRANTIES OR CONDITIONS OF ANY KIND, either express or implied.
See the License for the specific language governing permissions and
limitations under the License.
-/

Note: This linter can be disabled with `set_option linter.style.copyright.formalConjectures false`
warning: Scratch/A263135Staircase.lean:1:0: The copyright header is incorrect. Please copy and paste the following one:
/-
Copyright 2026 The Formal Conjectures Authors.

Licensed under the Apache License, Version 2.0 (the "License");
you may not use this file except in compliance with the License.
You may obtain a copy of the License at

    https://www.apache.org/licenses/LICENSE-2.0

Unless required by applicable law or agreed to in writing, software
distributed under the License is distributed on an "AS IS" BASIS,
WITHOUT WARRANTIES OR CONDITIONS OF ANY KIND, either express or implied.
See the License for the specific language governing permissions and
limitations under the License.
-/

Note: This linter can be disabled with `set_option linter.style.copyright.formalConjectures false`
error: Scratch/A263135Staircase.lean:46:9: unsolved goals
⊢ 1 ≤ 2 * (1 - 2 * sorry ())
warning: Scratch/A263135Staircase.lean:45:39: declaration uses 'sorry'
warning: Scratch/A263135Staircase.lean:1:0: The copyright header is incorrect. Please copy and paste the following one:
/-
Copyright 2026 The Formal Conjectures Authors.

Licensed under the Apache License, Version 2.0 (the "License");
you may not use this file except in compliance with the License.
You may obtain a copy of the License at

    https://www.apache.org/licenses/LICENSE-2.0

Unless required by applicable law or agreed to in writing, software
distributed under the License is distributed on an "AS IS" BASIS,
WITHOUT WARRANTIES OR CONDITIONS OF ANY KIND, either express or implied.
See the License for the specific language governing permissions and
limitations under the License.
-/

Note: This linter can be disabled with `set_option linter.style.copyright.formalConjectures false`
error: Scratch/A263135Staircase.lean:65:4: omega could not prove the goal:
a possible counterexample may satisfy the constraints
  i ≥ 0
  h ≥ 0
  g ≥ 0
  g - h - i ≥ 0
  f ≥ 0
  e ≥ 0
  e ≥ 0
  d ≥ 0
  d - e ≥ 0
  d - f ≤ 0
  d + e - f ≤ -1
  d + e - f ≤ -1
where
 d := ↑b
 e := ↑a
 f := ↑c
 g := ↑(2 * a) * ↑b
 h := ↑m
 i := ↑(staircaseDeficiency (a + b - c))
error: Scratch/A263135Staircase.lean:79:18: Tactic `rewrite` failed: Did not find an occurrence of the pattern
  c
in the target expression
  2 * m + q ^ 2 ≤ 4 * (q + x) * (q + x + z)

a b c m : ℕ
hab : a ≤ b
hbc : b ≤ c
hm : m + staircaseDeficiency (a + b - c) ≤ 2 * a * b
q : ℕ := a + b - c
hq : q ≤ a
hc : a + b = c + q
hsq : q ^ 2 ≤ 2 * staircaseDeficiency q
x : ℕ := a - q
z : ℕ := b - a
hm2 : 2 * m + q ^ 2 ≤ 4 * (q + x) * (q + x + z)
haeq : a = q + x
hbeq : b = q + x + z
hceq : c = q + 2 * x + z
⊢ 6 * m ≤ (q + x + (q + x + z) + c) ^ 2
warning: Scratch/A263135Staircase.lean:1:0: The copyright header is incorrect. Please copy and paste the following one:
/-
Copyright 2026 The Formal Conjectures Authors.

Licensed under the Apache License, Version 2.0 (the "License");
you may not use this file except in compliance with the License.
You may obtain a copy of the License at

    https://www.apache.org/licenses/LICENSE-2.0

Unless required by applicable law or agreed to in writing, software
distributed under the License is distributed on an "AS IS" BASIS,
WITHOUT WARRANTIES OR CONDITIONS OF ANY KIND, either express or implied.
See the License for the specific language governing permissions and
limitations under the License.
-/

Note: This linter can be disabled with `set_option linter.style.copyright.formalConjectures false`
warning: Scratch/A263135Staircase.lean:1:0: The copyright header is incorrect. Please copy and paste the following one:
/-
Copyright 2026 The Formal Conjectures Authors.

Licensed under the Apache License, Version 2.0 (the "License");
you may not use this file except in compliance with the License.
You may obtain a copy of the License at

    https://www.apache.org/licenses/LICENSE-2.0

Unless required by applicable law or agreed to in writing, software
distributed under the License is distributed on an "AS IS" BASIS,
WITHOUT WARRANTIES OR CONDITIONS OF ANY KIND, either express or implied.
See the License for the specific language governing permissions and
limitations under the License.
-/

Note: This linter can be disabled with `set_option linter.style.copyright.formalConjectures false`
warning: Scratch/A263135Staircase.lean:1:0: The copyright header is incorrect. Please copy and paste the following one:
/-
Copyright 2026 The Formal Conjectures Authors.

Licensed under the Apache License, Version 2.0 (the "License");
you may not use this file except in compliance with the License.
You may obtain a copy of the License at

    https://www.apache.org/licenses/LICENSE-2.0

Unless required by applicable law or agreed to in writing, software
distributed under the License is distributed on an "AS IS" BASIS,
WITHOUT WARRANTIES OR CONDITIONS OF ANY KIND, either express or implied.
See the License for the specific language governing permissions and
limitations under the License.
-/

Note: This linter can be disabled with `set_option linter.style.copyright.formalConjectures false`
error: Lean exited with code 1
Some required targets logged failures:
- Scratch.A263135Staircase
error: build failed
